Using pre-set license
Built from '2020.2/release' branch; Version is '2020.2.2f1 (068178b99f32) revision 426360'; Using compiler version '192528614'; Build Type 'Release'
OS: 'Windows 10 Enterprise; OS build 18363.1500; Version 1909; 64bit' Language: 'en' Physical Memory: 16304 MB
BatchMode: 1, IsHumanControllingUs: 0, StartBugReporterOnCrash: 0, Is64bit: 1, IsPro: 0

 COMMAND LINE ARGUMENTS:
C:\Program Files\Unity\Hub\Editor\2020.2.2f1\Editor\Unity.exe
-adb2
-batchMode
-noUpm
-name
AssetImportWorker0
-projectPath
C:/Users/3bf6da335fa91fd9/Documents/GitHub/DoodleJumpClone-ASSIGNMENT3
-logFile
Logs/AssetImportWorker0.log
-srvPort
64946
Successfully changed project path to: C:/Users/3bf6da335fa91fd9/Documents/GitHub/DoodleJumpClone-ASSIGNMENT3
C:/Users/3bf6da335fa91fd9/Documents/GitHub/DoodleJumpClone-ASSIGNMENT3
Using Asset Import Pipeline V2.
Refreshing native plugins compatible for Editor in 47.49 ms, found 1 plugins.
Preloading 0 native plugins for Editor in 0.00 ms.
Initialize engine version: 2020.2.2f1 (068178b99f32)
[Subsystems] Discovering subsystems at path C:/Program Files/Unity/Hub/Editor/2020.2.2f1/Editor/Data/Resources/UnitySubsystems
[Subsystems] Discovering subsystems at path C:/Users/3bf6da335fa91fd9/Documents/GitHub/DoodleJumpClone-ASSIGNMENT3/Assets
GfxDevice: creating device client; threaded=0
Direct3D:
    Version:  Direct3D 11.0 [level 11.0]
    Renderer: NVIDIA Quadro K2200  (ID=0x13ba)
    Vendor:   
    VRAM:     4035 MB
    Driver:   10.18.13.5362
Initialize mono
Mono path[0] = 'C:/Program Files/Unity/Hub/Editor/2020.2.2f1/Editor/Data/Managed'
Mono path[1] = 'C:/Program Files/Unity/Hub/Editor/2020.2.2f1/Editor/Data/MonoBleedingEdge/lib/mono/unityjit'
Mono config path = 'C:/Program Files/Unity/Hub/Editor/2020.2.2f1/Editor/Data/MonoBleedingEdge/etc'
Using monoOptions --debugger-agent=transport=dt_socket,embedding=1,server=y,suspend=n,address=127.0.0.1:56308
Begin MonoManager ReloadAssembly
Registering precompiled unity dll's ...
Register platform support module: C:/Program Files/Unity/Hub/Editor/2020.2.2f1/Editor/Data/PlaybackEngines/WindowsStandaloneSupport/UnityEditor.WindowsStandalone.Extensions.dll
Registered in 0.001230 seconds.
Native extension for WindowsStandalone target not found
Refreshing native plugins compatible for Editor in 34.21 ms, found 1 plugins.
Preloading 0 native plugins for Editor in 0.00 ms.
Invoked RoslynAnalysisRunner static constructor.
RoslynAnalysisRunner will not be running.
RoslynAnalysisRunner has terminated.
Mono: successfully reloaded assembly
- Completed reload, in  1.016 seconds
Platform modules already initialized, skipping
Registering precompiled user dll's ...
Registered in 0.000939 seconds.
Begin MonoManager ReloadAssembly
Native extension for WindowsStandalone target not found
Refreshing native plugins compatible for Editor in 35.03 ms, found 1 plugins.
Preloading 0 native plugins for Editor in 0.00 ms.
Invoked RoslynAnalysisRunner static constructor.
RoslynAnalysisRunner will not be running.
RoslynAnalysisRunner has terminated.
Mono: successfully reloaded assembly
- Completed reload, in  0.898 seconds
Platform modules already initialized, skipping
========================================================================
Worker process is ready to serve import requests
Launched and connected shader compiler UnityShaderCompiler.exe after 0.05 seconds
Refreshing native plugins compatible for Editor in 0.35 ms, found 1 plugins.
Preloading 0 native plugins for Editor in 0.00 ms.
Unloading 1810 Unused Serialized files (Serialized files now loaded: 0)
System memory in use before: 86.1 MB.
System memory in use after: 86.2 MB.

Unloading 19 unused Assets to reduce memory usage. Loaded Objects now: 2256.
Total: 1.966700 ms (FindLiveObjects: 0.170700 ms CreateObjectMapping: 0.072200 ms MarkObjects: 1.615500 ms  DeleteObjects: 0.107300 ms)

========================================================================
Received Import Request.
  path: Assets/Bouncyy.physicsMaterial2D
  artifactKey: Guid(5a0aaf96f2155a642924af1539ff2030) Importer(815301076,1909f56bfc062723c751e8b465ee728b)
Start importing Assets/Bouncyy.physicsMaterial2D using Guid(5a0aaf96f2155a642924af1539ff2030) Importer(815301076,1909f56bfc062723c751e8b465ee728b)  -> (artifact id: '3baca32091a458624c30a779f478c568') in 0.035223 seconds
  Import took 0.037920 seconds .

========================================================================
Received Import Request.
  Time since last request: 15.957531 seconds.
  path: Assets/Scenes
  artifactKey: Guid(ef2394f97992a554aa26ff2bdb5675e8) Importer(815301076,1909f56bfc062723c751e8b465ee728b)
Start importing Assets/Scenes using Guid(ef2394f97992a554aa26ff2bdb5675e8) Importer(815301076,1909f56bfc062723c751e8b465ee728b)  -> (artifact id: 'e9298006398f9f2636c39e8e5f0a60cd') in 0.005581 seconds
  Import took 0.008502 seconds .

========================================================================
Received Import Request.
  Time since last request: 0.009015 seconds.
  path: Assets/Scenes
  artifactKey: Guid(ef2394f97992a554aa26ff2bdb5675e8) Importer(815301076,1909f56bfc062723c751e8b465ee728b)
Start importing Assets/Scenes using Guid(ef2394f97992a554aa26ff2bdb5675e8) Importer(815301076,1909f56bfc062723c751e8b465ee728b)  -> (artifact id: 'e9298006398f9f2636c39e8e5f0a60cd') in 0.001952 seconds
  Import took 0.005292 seconds .

========================================================================
Received Import Request.
  Time since last request: 0.690976 seconds.
  path: Assets/Scenes/SampleScene.unity
  artifactKey: Guid(2cda990e2423bbf4892e6590ba056729) Importer(815301076,1909f56bfc062723c751e8b465ee728b)
Start importing Assets/Scenes/SampleScene.unity using Guid(2cda990e2423bbf4892e6590ba056729) Importer(815301076,1909f56bfc062723c751e8b465ee728b)  -> (artifact id: 'd7cec159306c9aa49f4629de6753ed25') in 0.007112 seconds
  Import took 0.009874 seconds .

========================================================================
Received Prepare
Registering precompiled user dll's ...
Registered in 0.000790 seconds.
Begin MonoManager ReloadAssembly
Native extension for WindowsStandalone target not found
Refreshing native plugins compatible for Editor in 0.35 ms, found 1 plugins.
Preloading 0 native plugins for Editor in 0.00 ms.
Invoked RoslynAnalysisRunner static constructor.
RoslynAnalysisRunner will not be running.
RoslynAnalysisRunner has terminated.
Mono: successfully reloaded assembly
- Completed reload, in  0.813 seconds
Platform modules already initialized, skipping
Refreshing native plugins compatible for Editor in 0.65 ms, found 1 plugins.
Preloading 0 native plugins for Editor in 0.00 ms.
Unloading 1787 Unused Serialized files (Serialized files now loaded: 0)
System memory in use before: 84.8 MB.
System memory in use after: 84.9 MB.

Unloading 7 unused Assets to reduce memory usage. Loaded Objects now: 2259.
Total: 1.983100 ms (FindLiveObjects: 0.211300 ms CreateObjectMapping: 0.061500 ms MarkObjects: 1.681000 ms  DeleteObjects: 0.028500 ms)

========================================================================
Received Import Request.
  Time since last request: 91.108635 seconds.
  path: Assets/Scripts
  artifactKey: Guid(3e0eb180e0840af41be7f7d92b687a96) Importer(815301076,1909f56bfc062723c751e8b465ee728b)
Start importing Assets/Scripts using Guid(3e0eb180e0840af41be7f7d92b687a96) Importer(815301076,1909f56bfc062723c751e8b465ee728b)  -> (artifact id: '9d0b613206e54e071fdbb6c948076f43') in 0.009083 seconds
  Import took 0.012122 seconds .

========================================================================
Received Prepare
Registering precompiled user dll's ...
Registered in 0.000878 seconds.
Begin MonoManager ReloadAssembly
Native extension for WindowsStandalone target not found
Refreshing native plugins compatible for Editor in 0.34 ms, found 1 plugins.
Preloading 0 native plugins for Editor in 0.00 ms.
Invoked RoslynAnalysisRunner static constructor.
RoslynAnalysisRunner will not be running.
RoslynAnalysisRunner has terminated.
Mono: successfully reloaded assembly
- Completed reload, in  0.832 seconds
Platform modules already initialized, skipping
Refreshing native plugins compatible for Editor in 0.64 ms, found 1 plugins.
Preloading 0 native plugins for Editor in 0.00 ms.
Unloading 1788 Unused Serialized files (Serialized files now loaded: 0)
System memory in use before: 85.0 MB.
System memory in use after: 85.1 MB.

Unloading 7 unused Assets to reduce memory usage. Loaded Objects now: 2263.
Total: 1.872100 ms (FindLiveObjects: 0.267200 ms CreateObjectMapping: 0.105800 ms MarkObjects: 1.469500 ms  DeleteObjects: 0.028600 ms)

========================================================================
Received Import Request.
  Time since last request: 7.514049 seconds.
  path: Assets/Scripts/DeathScript.cs
  artifactKey: Guid(df8a0ca8398c82541863c8704fa9df6f) Importer(815301076,1909f56bfc062723c751e8b465ee728b)
Start importing Assets/Scripts/DeathScript.cs using Guid(df8a0ca8398c82541863c8704fa9df6f) Importer(815301076,1909f56bfc062723c751e8b465ee728b)  -> (artifact id: '449ab30f96dfb9b537de7bb3a1ccbd9d') in 0.013709 seconds
  Import took 0.016387 seconds .

========================================================================
Received Prepare
Registering precompiled user dll's ...
Registered in 0.000860 seconds.
Begin MonoManager ReloadAssembly
Native extension for WindowsStandalone target not found
Refreshing native plugins compatible for Editor in 0.32 ms, found 1 plugins.
Preloading 0 native plugins for Editor in 0.00 ms.
Invoked RoslynAnalysisRunner static constructor.
RoslynAnalysisRunner will not be running.
RoslynAnalysisRunner has terminated.
Mono: successfully reloaded assembly
- Completed reload, in  0.880 seconds
Platform modules already initialized, skipping
Refreshing native plugins compatible for Editor in 0.34 ms, found 1 plugins.
Preloading 0 native plugins for Editor in 0.00 ms.
Unloading 1788 Unused Serialized files (Serialized files now loaded: 0)
System memory in use before: 85.2 MB.
System memory in use after: 85.3 MB.

Unloading 7 unused Assets to reduce memory usage. Loaded Objects now: 2266.
Total: 1.882800 ms (FindLiveObjects: 0.177800 ms CreateObjectMapping: 0.057600 ms MarkObjects: 1.632600 ms  DeleteObjects: 0.013800 ms)

========================================================================
Received Import Request.
  Time since last request: 38.253727 seconds.
  path: Assets/Scripts/DeathScript.cs
  artifactKey: Guid(df8a0ca8398c82541863c8704fa9df6f) Importer(815301076,1909f56bfc062723c751e8b465ee728b)
Start importing Assets/Scripts/DeathScript.cs using Guid(df8a0ca8398c82541863c8704fa9df6f) Importer(815301076,1909f56bfc062723c751e8b465ee728b)  -> (artifact id: '0cfd4d8bfad2145e1e3ecd596f67b7ad') in 0.006300 seconds
  Import took 0.010092 seconds .

========================================================================
Received Prepare
Registering precompiled user dll's ...
Registered in 0.000796 seconds.
Begin MonoManager ReloadAssembly
Native extension for WindowsStandalone target not found
Refreshing native plugins compatible for Editor in 0.33 ms, found 1 plugins.
Preloading 0 native plugins for Editor in 0.00 ms.
Invoked RoslynAnalysisRunner static constructor.
RoslynAnalysisRunner will not be running.
RoslynAnalysisRunner has terminated.
Mono: successfully reloaded assembly
- Completed reload, in  0.848 seconds
Platform modules already initialized, skipping
Refreshing native plugins compatible for Editor in 0.35 ms, found 1 plugins.
Preloading 0 native plugins for Editor in 0.00 ms.
Unloading 1788 Unused Serialized files (Serialized files now loaded: 0)
System memory in use before: 85.3 MB.
System memory in use after: 85.4 MB.

Unloading 7 unused Assets to reduce memory usage. Loaded Objects now: 2269.
Total: 2.085700 ms (FindLiveObjects: 0.175900 ms CreateObjectMapping: 0.067000 ms MarkObjects: 1.828400 ms  DeleteObjects: 0.013600 ms)

========================================================================
Received Prepare
Registering precompiled user dll's ...
Registered in 0.000861 seconds.
Begin MonoManager ReloadAssembly
Native extension for WindowsStandalone target not found
Refreshing native plugins compatible for Editor in 0.37 ms, found 1 plugins.
Preloading 0 native plugins for Editor in 0.00 ms.
Invoked RoslynAnalysisRunner static constructor.
RoslynAnalysisRunner will not be running.
RoslynAnalysisRunner has terminated.
Mono: successfully reloaded assembly
- Completed reload, in  0.800 seconds
Platform modules already initialized, skipping
Refreshing native plugins compatible for Editor in 0.71 ms, found 1 plugins.
Preloading 0 native plugins for Editor in 0.00 ms.
Unloading 1788 Unused Serialized files (Serialized files now loaded: 0)
System memory in use before: 85.5 MB.
System memory in use after: 85.6 MB.

Unloading 7 unused Assets to reduce memory usage. Loaded Objects now: 2272.
Total: 1.754500 ms (FindLiveObjects: 0.199200 ms CreateObjectMapping: 0.074600 ms MarkObjects: 1.449600 ms  DeleteObjects: 0.030400 ms)

========================================================================
Received Prepare
Registering precompiled user dll's ...
Registered in 0.000803 seconds.
Begin MonoManager ReloadAssembly
Native extension for WindowsStandalone target not found
Refreshing native plugins compatible for Editor in 0.32 ms, found 1 plugins.
Preloading 0 native plugins for Editor in 0.00 ms.
Invoked RoslynAnalysisRunner static constructor.
RoslynAnalysisRunner will not be running.
RoslynAnalysisRunner has terminated.
Mono: successfully reloaded assembly
- Completed reload, in  0.821 seconds
Platform modules already initialized, skipping
Refreshing native plugins compatible for Editor in 0.33 ms, found 1 plugins.
Preloading 0 native plugins for Editor in 0.00 ms.
Unloading 1788 Unused Serialized files (Serialized files now loaded: 0)
System memory in use before: 85.6 MB.
System memory in use after: 85.7 MB.

Unloading 7 unused Assets to reduce memory usage. Loaded Objects now: 2275.
Total: 1.991800 ms (FindLiveObjects: 0.199200 ms CreateObjectMapping: 0.067700 ms MarkObjects: 1.696000 ms  DeleteObjects: 0.028000 ms)

========================================================================
Received Prepare
Registering precompiled user dll's ...
Registered in 0.001152 seconds.
Begin MonoManager ReloadAssembly
Native extension for WindowsStandalone target not found
Refreshing native plugins compatible for Editor in 0.31 ms, found 1 plugins.
Preloading 0 native plugins for Editor in 0.00 ms.
Invoked RoslynAnalysisRunner static constructor.
RoslynAnalysisRunner will not be running.
RoslynAnalysisRunner has terminated.
Mono: successfully reloaded assembly
- Completed reload, in  0.833 seconds
Platform modules already initialized, skipping
Refreshing native plugins compatible for Editor in 0.66 ms, found 1 plugins.
Preloading 0 native plugins for Editor in 0.00 ms.
Unloading 1788 Unused Serialized files (Serialized files now loaded: 0)
System memory in use before: 85.7 MB.
System memory in use after: 85.8 MB.

Unloading 7 unused Assets to reduce memory usage. Loaded Objects now: 2278.
Total: 1.867100 ms (FindLiveObjects: 0.178000 ms CreateObjectMapping: 0.063700 ms MarkObjects: 1.610900 ms  DeleteObjects: 0.013700 ms)

========================================================================
Received Import Request.
  Time since last request: 118.335157 seconds.
  path: Assets/Scenes/DeathScene.unity
  artifactKey: Guid(5a8e5ae113dc7df4aa99cdd92735b30f) Importer(815301076,1909f56bfc062723c751e8b465ee728b)
Start importing Assets/Scenes/DeathScene.unity using Guid(5a8e5ae113dc7df4aa99cdd92735b30f) Importer(815301076,1909f56bfc062723c751e8b465ee728b)  -> (artifact id: '8a8847bcda978d0d76e26ab2acea813b') in 0.018757 seconds
  Import took 0.021514 seconds .

========================================================================
Received Prepare
Registering precompiled user dll's ...
Registered in 0.000828 seconds.
Begin MonoManager ReloadAssembly
Native extension for WindowsStandalone target not found
Refreshing native plugins compatible for Editor in 0.32 ms, found 1 plugins.
Preloading 0 native plugins for Editor in 0.00 ms.
Invoked RoslynAnalysisRunner static constructor.
RoslynAnalysisRunner will not be running.
RoslynAnalysisRunner has terminated.
Mono: successfully reloaded assembly
- Completed reload, in  0.831 seconds
Platform modules already initialized, skipping
Refreshing native plugins compatible for Editor in 0.36 ms, found 1 plugins.
Preloading 0 native plugins for Editor in 0.00 ms.
Unloading 1789 Unused Serialized files (Serialized files now loaded: 0)
System memory in use before: 85.9 MB.
System memory in use after: 86.0 MB.

Unloading 7 unused Assets to reduce memory usage. Loaded Objects now: 2282.
Total: 1.893000 ms (FindLiveObjects: 0.196200 ms CreateObjectMapping: 0.072500 ms MarkObjects: 1.607000 ms  DeleteObjects: 0.016200 ms)

========================================================================
Received Import Request.
  Time since last request: 111.285548 seconds.
  path: Assets/Scenes/R.cs
  artifactKey: Guid(04b12ad9fefce0d458243857cbf8a247) Importer(815301076,1909f56bfc062723c751e8b465ee728b)
Start importing Assets/Scenes/R.cs using Guid(04b12ad9fefce0d458243857cbf8a247) Importer(815301076,1909f56bfc062723c751e8b465ee728b)  -> (artifact id: 'd28de087bf1be90ea111242343764517') in 0.009724 seconds
  Import took 0.013017 seconds .

========================================================================
Received Import Request.
  Time since last request: 0.002037 seconds.
  path: Assets/Scenes/R.cs
  artifactKey: Guid(04b12ad9fefce0d458243857cbf8a247) Importer(815301076,1909f56bfc062723c751e8b465ee728b)
Start importing Assets/Scenes/R.cs using Guid(04b12ad9fefce0d458243857cbf8a247) Importer(815301076,1909f56bfc062723c751e8b465ee728b)  -> (artifact id: 'd28de087bf1be90ea111242343764517') in 0.002131 seconds
  Import took 0.006035 seconds .

========================================================================
Received Prepare
Registering precompiled user dll's ...
Registered in 0.001052 seconds.
Begin MonoManager ReloadAssembly
Native extension for WindowsStandalone target not found
Refreshing native plugins compatible for Editor in 0.38 ms, found 1 plugins.
Preloading 0 native plugins for Editor in 0.00 ms.
Invoked RoslynAnalysisRunner static constructor.
RoslynAnalysisRunner will not be running.
RoslynAnalysisRunner has terminated.
Mono: successfully reloaded assembly
- Completed reload, in  0.864 seconds
Platform modules already initialized, skipping
Refreshing native plugins compatible for Editor in 0.73 ms, found 1 plugins.
Preloading 0 native plugins for Editor in 0.00 ms.
Unloading 1788 Unused Serialized files (Serialized files now loaded: 0)
System memory in use before: 86.0 MB.
System memory in use after: 86.2 MB.

Unloading 8 unused Assets to reduce memory usage. Loaded Objects now: 2284.
Total: 1.833200 ms (FindLiveObjects: 0.171400 ms CreateObjectMapping: 0.071100 ms MarkObjects: 1.574500 ms  DeleteObjects: 0.015400 ms)

========================================================================
Received Import Request.
  Time since last request: 16.468060 seconds.
  path: Assets/Scripts/Retry.cs
  artifactKey: Guid(a395a716086356740bb7541eeffb78c6) Importer(815301076,1909f56bfc062723c751e8b465ee728b)
Start importing Assets/Scripts/Retry.cs using Guid(a395a716086356740bb7541eeffb78c6) Importer(815301076,1909f56bfc062723c751e8b465ee728b)  -> (artifact id: '12a6a40a3a8fab08aef33af43cc4e7f5') in 0.010714 seconds
  Import took 0.014376 seconds .

========================================================================
Received Import Request.
  Time since last request: 0.004789 seconds.
  path: Assets/Scripts/Retry.cs
  artifactKey: Guid(a395a716086356740bb7541eeffb78c6) Importer(815301076,1909f56bfc062723c751e8b465ee728b)
Start importing Assets/Scripts/Retry.cs using Guid(a395a716086356740bb7541eeffb78c6) Importer(815301076,1909f56bfc062723c751e8b465ee728b)  -> (artifact id: '12a6a40a3a8fab08aef33af43cc4e7f5') in 0.003001 seconds
  Import took 0.007109 seconds .

========================================================================
Received Prepare
Registering precompiled user dll's ...
Registered in 0.000781 seconds.
Begin MonoManager ReloadAssembly
Native extension for WindowsStandalone target not found
Refreshing native plugins compatible for Editor in 0.50 ms, found 1 plugins.
Preloading 0 native plugins for Editor in 0.00 ms.
Invoked RoslynAnalysisRunner static constructor.
RoslynAnalysisRunner will not be running.
RoslynAnalysisRunner has terminated.
Mono: successfully reloaded assembly
- Completed reload, in  0.885 seconds
Platform modules already initialized, skipping
Refreshing native plugins compatible for Editor in 0.66 ms, found 1 plugins.
Preloading 0 native plugins for Editor in 0.00 ms.
Unloading 1789 Unused Serialized files (Serialized files now loaded: 0)
System memory in use before: 86.2 MB.
System memory in use after: 86.3 MB.

Unloading 7 unused Assets to reduce memory usage. Loaded Objects now: 2288.
Total: 2.191700 ms (FindLiveObjects: 0.189800 ms CreateObjectMapping: 0.068400 ms MarkObjects: 1.918100 ms  DeleteObjects: 0.014600 ms)

========================================================================
Received Import Request.
  Time since last request: 41.958056 seconds.
  path: Assets/Scripts/DeathScript.cs
  artifactKey: Guid(df8a0ca8398c82541863c8704fa9df6f) Importer(815301076,1909f56bfc062723c751e8b465ee728b)
Start importing Assets/Scripts/DeathScript.cs using Guid(df8a0ca8398c82541863c8704fa9df6f) Importer(815301076,1909f56bfc062723c751e8b465ee728b)  -> (artifact id: 'fcc1406124caf1a00c124d9a61557a85') in 0.008578 seconds
  Import took 0.011619 seconds .

========================================================================
Received Import Request.
  Time since last request: 2.429101 seconds.
  path: Assets/Scripts/Platform.cs
  artifactKey: Guid(0b2ff9ab200a3864ab1789f81198cca1) Importer(815301076,1909f56bfc062723c751e8b465ee728b)
Start importing Assets/Scripts/Platform.cs using Guid(0b2ff9ab200a3864ab1789f81198cca1) Importer(815301076,1909f56bfc062723c751e8b465ee728b)  -> (artifact id: '76be7e326cbe547980f8deb78b533c9d') in 0.007994 seconds
  Import took 0.011430 seconds .

========================================================================
Received Import Request.
  Time since last request: 0.000483 seconds.
  path: Assets/Scripts/Platform.cs
  artifactKey: Guid(0b2ff9ab200a3864ab1789f81198cca1) Importer(815301076,1909f56bfc062723c751e8b465ee728b)
Start importing Assets/Scripts/Platform.cs using Guid(0b2ff9ab200a3864ab1789f81198cca1) Importer(815301076,1909f56bfc062723c751e8b465ee728b)  -> (artifact id: '76be7e326cbe547980f8deb78b533c9d') in 0.002109 seconds
  Import took 0.005024 seconds .

========================================================================
Received Prepare
Registering precompiled user dll's ...
Registered in 0.000778 seconds.
Begin MonoManager ReloadAssembly
Native extension for WindowsStandalone target not found
Refreshing native plugins compatible for Editor in 0.79 ms, found 1 plugins.
Preloading 0 native plugins for Editor in 0.00 ms.
Invoked RoslynAnalysisRunner static constructor.
RoslynAnalysisRunner will not be running.
RoslynAnalysisRunner has terminated.
Mono: successfully reloaded assembly
- Completed reload, in  0.875 seconds
Platform modules already initialized, skipping
Refreshing native plugins compatible for Editor in 0.73 ms, found 1 plugins.
Preloading 0 native plugins for Editor in 0.00 ms.
Unloading 1789 Unused Serialized files (Serialized files now loaded: 0)
System memory in use before: 86.3 MB.
System memory in use after: 86.5 MB.

Unloading 7 unused Assets to reduce memory usage. Loaded Objects now: 2291.
Total: 2.424800 ms (FindLiveObjects: 0.659900 ms CreateObjectMapping: 0.272900 ms MarkObjects: 1.477300 ms  DeleteObjects: 0.013400 ms)

========================================================================
Received Import Request.
  Time since last request: 104.184064 seconds.
  path: Assets/Scenes/DeathScene.unity
  artifactKey: Guid(5a8e5ae113dc7df4aa99cdd92735b30f) Importer(815301076,1909f56bfc062723c751e8b465ee728b)
Start importing Assets/Scenes/DeathScene.unity using Guid(5a8e5ae113dc7df4aa99cdd92735b30f) Importer(815301076,1909f56bfc062723c751e8b465ee728b)  -> (artifact id: 'e9ecf58bfd0203207b3270215be074db') in 0.013317 seconds
  Import took 0.016762 seconds .

========================================================================
Received Import Request.
  Time since last request: 0.448827 seconds.
  path: Assets/Scenes/SampleScene.unity
  artifactKey: Guid(2cda990e2423bbf4892e6590ba056729) Importer(815301076,1909f56bfc062723c751e8b465ee728b)
Start importing Assets/Scenes/SampleScene.unity using Guid(2cda990e2423bbf4892e6590ba056729) Importer(815301076,1909f56bfc062723c751e8b465ee728b)  -> (artifact id: '48cfe30b81d6bfdc93c4a9ad9c52a925') in 0.002539 seconds
  Import took 0.005958 seconds .

========================================================================
Received Import Request.
  Time since last request: 0.001382 seconds.
  path: Assets/Scenes/SampleScene.unity
  artifactKey: Guid(2cda990e2423bbf4892e6590ba056729) Importer(815301076,1909f56bfc062723c751e8b465ee728b)
Start importing Assets/Scenes/SampleScene.unity using Guid(2cda990e2423bbf4892e6590ba056729) Importer(815301076,1909f56bfc062723c751e8b465ee728b)  -> (artifact id: '48cfe30b81d6bfdc93c4a9ad9c52a925') in 0.002422 seconds
  Import took 0.005519 seconds .

========================================================================
Received Prepare
Registering precompiled user dll's ...
Registered in 0.000841 seconds.
Begin MonoManager ReloadAssembly
Native extension for WindowsStandalone target not found
Refreshing native plugins compatible for Editor in 0.33 ms, found 1 plugins.
Preloading 0 native plugins for Editor in 0.00 ms.
Invoked RoslynAnalysisRunner static constructor.
RoslynAnalysisRunner will not be running.
RoslynAnalysisRunner has terminated.
Mono: successfully reloaded assembly
- Completed reload, in  0.815 seconds
Platform modules already initialized, skipping
Refreshing native plugins compatible for Editor in 0.34 ms, found 1 plugins.
Preloading 0 native plugins for Editor in 0.00 ms.
Unloading 1789 Unused Serialized files (Serialized files now loaded: 0)
System memory in use before: 86.5 MB.
System memory in use after: 86.6 MB.

Unloading 7 unused Assets to reduce memory usage. Loaded Objects now: 2294.
Total: 2.128900 ms (FindLiveObjects: 0.208000 ms CreateObjectMapping: 0.078000 ms MarkObjects: 1.824000 ms  DeleteObjects: 0.018100 ms)

========================================================================
Received Prepare
Registering precompiled user dll's ...
Registered in 0.000785 seconds.
Begin MonoManager ReloadAssembly
Native extension for WindowsStandalone target not found
Refreshing native plugins compatible for Editor in 0.39 ms, found 1 plugins.
Preloading 0 native plugins for Editor in 0.00 ms.
Invoked RoslynAnalysisRunner static constructor.
RoslynAnalysisRunner will not be running.
RoslynAnalysisRunner has terminated.
Mono: successfully reloaded assembly
- Completed reload, in  0.816 seconds
Platform modules already initialized, skipping
Refreshing native plugins compatible for Editor in 0.37 ms, found 1 plugins.
Preloading 0 native plugins for Editor in 0.00 ms.
Unloading 1789 Unused Serialized files (Serialized files now loaded: 0)
System memory in use before: 86.6 MB.
System memory in use after: 86.8 MB.

Unloading 7 unused Assets to reduce memory usage. Loaded Objects now: 2297.
Total: 1.659800 ms (FindLiveObjects: 0.173100 ms CreateObjectMapping: 0.059700 ms MarkObjects: 1.398300 ms  DeleteObjects: 0.027900 ms)

========================================================================
Received Prepare
Registering precompiled user dll's ...
Registered in 0.000872 seconds.
Begin MonoManager ReloadAssembly
Native extension for WindowsStandalone target not found
Refreshing native plugins compatible for Editor in 0.32 ms, found 1 plugins.
Preloading 0 native plugins for Editor in 0.00 ms.
Invoked RoslynAnalysisRunner static constructor.
RoslynAnalysisRunner will not be running.
RoslynAnalysisRunner has terminated.
Mono: successfully reloaded assembly
- Completed reload, in  0.808 seconds
Platform modules already initialized, skipping
Refreshing native plugins compatible for Editor in 0.59 ms, found 1 plugins.
Preloading 0 native plugins for Editor in 0.00 ms.
Unloading 1789 Unused Serialized files (Serialized files now loaded: 0)
System memory in use before: 86.8 MB.
System memory in use after: 86.9 MB.

Unloading 7 unused Assets to reduce memory usage. Loaded Objects now: 2300.
Total: 2.794800 ms (FindLiveObjects: 0.281000 ms CreateObjectMapping: 0.110400 ms MarkObjects: 2.381700 ms  DeleteObjects: 0.020200 ms)

========================================================================
Received Prepare
Registering precompiled user dll's ...
Registered in 0.000967 seconds.
Begin MonoManager ReloadAssembly
Native extension for WindowsStandalone target not found
Refreshing native plugins compatible for Editor in 0.36 ms, found 1 plugins.
Preloading 0 native plugins for Editor in 0.00 ms.
Invoked RoslynAnalysisRunner static constructor.
RoslynAnalysisRunner will not be running.
RoslynAnalysisRunner has terminated.
Mono: successfully reloaded assembly
- Completed reload, in  0.872 seconds
Platform modules already initialized, skipping
Refreshing native plugins compatible for Editor in 1.27 ms, found 1 plugins.
Preloading 0 native plugins for Editor in 0.00 ms.
Unloading 1789 Unused Serialized files (Serialized files now loaded: 0)
System memory in use before: 85.9 MB.
System memory in use after: 86.0 MB.

Unloading 7 unused Assets to reduce memory usage. Loaded Objects now: 2303.
Total: 1.951400 ms (FindLiveObjects: 0.192600 ms CreateObjectMapping: 0.063600 ms MarkObjects: 1.651500 ms  DeleteObjects: 0.042800 ms)

========================================================================
Received Prepare
Registering precompiled user dll's ...
Registered in 0.000798 seconds.
Begin MonoManager ReloadAssembly
Native extension for WindowsStandalone target not found
Refreshing native plugins compatible for Editor in 0.35 ms, found 1 plugins.
Preloading 0 native plugins for Editor in 0.00 ms.
Invoked RoslynAnalysisRunner static constructor.
RoslynAnalysisRunner will not be running.
RoslynAnalysisRunner has terminated.
Mono: successfully reloaded assembly
- Completed reload, in  0.797 seconds
Platform modules already initialized, skipping
Refreshing native plugins compatible for Editor in 0.69 ms, found 1 plugins.
Preloading 0 native plugins for Editor in 0.00 ms.
Unloading 1789 Unused Serialized files (Serialized files now loaded: 0)
System memory in use before: 86.1 MB.
System memory in use after: 86.2 MB.

Unloading 7 unused Assets to reduce memory usage. Loaded Objects now: 2306.
Total: 1.802600 ms (FindLiveObjects: 0.165300 ms CreateObjectMapping: 0.064100 ms MarkObjects: 1.557600 ms  DeleteObjects: 0.014900 ms)

========================================================================
Received Prepare
Registering precompiled user dll's ...
Registered in 0.000810 seconds.
Begin MonoManager ReloadAssembly
Native extension for WindowsStandalone target not found
Refreshing native plugins compatible for Editor in 0.32 ms, found 1 plugins.
Preloading 0 native plugins for Editor in 0.00 ms.
Invoked RoslynAnalysisRunner static constructor.
RoslynAnalysisRunner will not be running.
RoslynAnalysisRunner has terminated.
Mono: successfully reloaded assembly
- Completed reload, in  0.804 seconds
Platform modules already initialized, skipping
Refreshing native plugins compatible for Editor in 0.68 ms, found 1 plugins.
Preloading 0 native plugins for Editor in 0.00 ms.
Unloading 1789 Unused Serialized files (Serialized files now loaded: 0)
System memory in use before: 86.2 MB.
System memory in use after: 86.3 MB.

Unloading 7 unused Assets to reduce memory usage. Loaded Objects now: 2309.
Total: 1.817900 ms (FindLiveObjects: 0.189600 ms CreateObjectMapping: 0.071300 ms MarkObjects: 1.516200 ms  DeleteObjects: 0.040100 ms)

========================================================================
Received Prepare
Registering precompiled user dll's ...
Registered in 0.001056 seconds.
Begin MonoManager ReloadAssembly
Native extension for WindowsStandalone target not found
Refreshing native plugins compatible for Editor in 0.33 ms, found 1 plugins.
Preloading 0 native plugins for Editor in 0.00 ms.
Invoked RoslynAnalysisRunner static constructor.
RoslynAnalysisRunner will not be running.
RoslynAnalysisRunner has terminated.
Mono: successfully reloaded assembly
- Completed reload, in  0.814 seconds
Platform modules already initialized, skipping
Refreshing native plugins compatible for Editor in 0.68 ms, found 1 plugins.
Preloading 0 native plugins for Editor in 0.00 ms.
Unloading 1789 Unused Serialized files (Serialized files now loaded: 0)
System memory in use before: 86.3 MB.
System memory in use after: 86.5 MB.

Unloading 7 unused Assets to reduce memory usage. Loaded Objects now: 2312.
Total: 1.764200 ms (FindLiveObjects: 0.169600 ms CreateObjectMapping: 0.065800 ms MarkObjects: 1.513300 ms  DeleteObjects: 0.014600 ms)

========================================================================
Received Prepare
Registering precompiled user dll's ...
Registered in 0.000783 seconds.
Begin MonoManager ReloadAssembly
Native extension for WindowsStandalone target not found
Refreshing native plugins compatible for Editor in 0.32 ms, found 1 plugins.
Preloading 0 native plugins for Editor in 0.00 ms.
Invoked RoslynAnalysisRunner static constructor.
RoslynAnalysisRunner will not be running.
RoslynAnalysisRunner has terminated.
Mono: successfully reloaded assembly
- Completed reload, in  0.823 seconds
Platform modules already initialized, skipping
Refreshing native plugins compatible for Editor in 0.36 ms, found 1 plugins.
Preloading 0 native plugins for Editor in 0.00 ms.
Unloading 1789 Unused Serialized files (Serialized files now loaded: 0)
System memory in use before: 86.5 MB.
System memory in use after: 86.6 MB.

Unloading 7 unused Assets to reduce memory usage. Loaded Objects now: 2315.
Total: 1.872800 ms (FindLiveObjects: 0.174700 ms CreateObjectMapping: 0.066100 ms MarkObjects: 1.618500 ms  DeleteObjects: 0.012800 ms)

========================================================================
Received Import Request.
  Time since last request: 687.175102 seconds.
  path: Assets/Scripts/SaveNLoad
  artifactKey: Guid(7baed95176ebfd54bb7932f3aba27897) Importer(815301076,1909f56bfc062723c751e8b465ee728b)
Start importing Assets/Scripts/SaveNLoad using Guid(7baed95176ebfd54bb7932f3aba27897) Importer(815301076,1909f56bfc062723c751e8b465ee728b)  -> (artifact id: '64f881fe108feaaa943b966601b1f307') in 0.010945 seconds
  Import took 0.014954 seconds .

========================================================================
Received Prepare
Registering precompiled user dll's ...
Registered in 0.000793 seconds.
Begin MonoManager ReloadAssembly
Native extension for WindowsStandalone target not found
Refreshing native plugins compatible for Editor in 0.39 ms, found 1 plugins.
Preloading 0 native plugins for Editor in 0.00 ms.
Invoked RoslynAnalysisRunner static constructor.
RoslynAnalysisRunner will not be running.
RoslynAnalysisRunner has terminated.
Mono: successfully reloaded assembly
- Completed reload, in  0.866 seconds
Platform modules already initialized, skipping
Refreshing native plugins compatible for Editor in 0.66 ms, found 1 plugins.
Preloading 0 native plugins for Editor in 0.00 ms.
Unloading 1792 Unused Serialized files (Serialized files now loaded: 0)
System memory in use before: 86.7 MB.
System memory in use after: 86.8 MB.

Unloading 7 unused Assets to reduce memory usage. Loaded Objects now: 2321.
Total: 1.840600 ms (FindLiveObjects: 0.223900 ms CreateObjectMapping: 0.070900 ms MarkObjects: 1.532300 ms  DeleteObjects: 0.012900 ms)

========================================================================
Received Import Request.
  Time since last request: 97.903166 seconds.
  path: Assets/Scripts/SaveNLoad/SaveLoadSystem.cs
  artifactKey: Guid(06f73eec0e94d5d4baed40ae75ca4d6d) Importer(815301076,1909f56bfc062723c751e8b465ee728b)
Start importing Assets/Scripts/SaveNLoad/SaveLoadSystem.cs using Guid(06f73eec0e94d5d4baed40ae75ca4d6d) Importer(815301076,1909f56bfc062723c751e8b465ee728b)  -> (artifact id: 'a4e3cab365dd7c63355e5a8c4ae32ec4') in 0.008892 seconds
  Import took 0.011850 seconds .

========================================================================
Received Import Request.
  Time since last request: 0.028759 seconds.
  path: Assets/Scripts/SaveNLoad/SaveLoadSystem.cs
  artifactKey: Guid(06f73eec0e94d5d4baed40ae75ca4d6d) Importer(815301076,1909f56bfc062723c751e8b465ee728b)
Start importing Assets/Scripts/SaveNLoad/SaveLoadSystem.cs using Guid(06f73eec0e94d5d4baed40ae75ca4d6d) Importer(815301076,1909f56bfc062723c751e8b465ee728b)  -> (artifact id: 'a4e3cab365dd7c63355e5a8c4ae32ec4') in 0.001950 seconds
  Import took 0.005105 seconds .

========================================================================
Received Import Request.
  Time since last request: 0.944328 seconds.
  path: Assets/Scripts/SaveNLoad/GameData.cs
  artifactKey: Guid(45856c1cebcc5de47a1a87ef32d733e0) Importer(815301076,1909f56bfc062723c751e8b465ee728b)
Start importing Assets/Scripts/SaveNLoad/GameData.cs using Guid(45856c1cebcc5de47a1a87ef32d733e0) Importer(815301076,1909f56bfc062723c751e8b465ee728b)  -> (artifact id: '5cb2a4ffb6542ca912076d336e6d77b1') in 0.008192 seconds
  Import took 0.011699 seconds .

========================================================================
Received Import Request.
  Time since last request: 0.230478 seconds.
  path: Assets/Scripts/SaveNLoad/Charater.cs
  artifactKey: Guid(de5398dacb375a44784222fc115564a3) Importer(815301076,1909f56bfc062723c751e8b465ee728b)
Start importing Assets/Scripts/SaveNLoad/Charater.cs using Guid(de5398dacb375a44784222fc115564a3) Importer(815301076,1909f56bfc062723c751e8b465ee728b)  -> (artifact id: 'eff33a6aa6a39e8d345992fc5d60c805') in 0.007271 seconds
  Import took 0.010919 seconds .

========================================================================
Received Prepare
Registering precompiled user dll's ...
Registered in 0.000858 seconds.
Begin MonoManager ReloadAssembly
Native extension for WindowsStandalone target not found
Refreshing native plugins compatible for Editor in 0.32 ms, found 1 plugins.
Preloading 0 native plugins for Editor in 0.00 ms.
Invoked RoslynAnalysisRunner static constructor.
RoslynAnalysisRunner will not be running.
RoslynAnalysisRunner has terminated.
Mono: successfully reloaded assembly
- Completed reload, in  0.915 seconds
Platform modules already initialized, skipping
Refreshing native plugins compatible for Editor in 0.67 ms, found 1 plugins.
Preloading 0 native plugins for Editor in 0.00 ms.
Unloading 1792 Unused Serialized files (Serialized files now loaded: 0)
System memory in use before: 86.8 MB.
System memory in use after: 86.9 MB.

Unloading 7 unused Assets to reduce memory usage. Loaded Objects now: 2324.
Total: 1.919500 ms (FindLiveObjects: 0.188800 ms CreateObjectMapping: 0.068100 ms MarkObjects: 1.620000 ms  DeleteObjects: 0.041700 ms)

========================================================================
Received Prepare
Registering precompiled user dll's ...
Registered in 0.000845 seconds.
Begin MonoManager ReloadAssembly
Native extension for WindowsStandalone target not found
Refreshing native plugins compatible for Editor in 0.33 ms, found 1 plugins.
Preloading 0 native plugins for Editor in 0.00 ms.
Invoked RoslynAnalysisRunner static constructor.
RoslynAnalysisRunner will not be running.
RoslynAnalysisRunner has terminated.
Mono: successfully reloaded assembly
- Completed reload, in  0.840 seconds
Platform modules already initialized, skipping
Refreshing native plugins compatible for Editor in 0.68 ms, found 1 plugins.
Preloading 0 native plugins for Editor in 0.00 ms.
Unloading 1792 Unused Serialized files (Serialized files now loaded: 0)
System memory in use before: 86.9 MB.
System memory in use after: 87.0 MB.

Unloading 7 unused Assets to reduce memory usage. Loaded Objects now: 2327.
Total: 2.007300 ms (FindLiveObjects: 0.271600 ms CreateObjectMapping: 0.105600 ms MarkObjects: 1.613300 ms  DeleteObjects: 0.015600 ms)

========================================================================
Received Prepare
Registering precompiled user dll's ...
Registered in 0.000867 seconds.
Begin MonoManager ReloadAssembly
Native extension for WindowsStandalone target not found
Refreshing native plugins compatible for Editor in 0.37 ms, found 1 plugins.
Preloading 0 native plugins for Editor in 0.00 ms.
Invoked RoslynAnalysisRunner static constructor.
RoslynAnalysisRunner will not be running.
RoslynAnalysisRunner has terminated.
Mono: successfully reloaded assembly
- Completed reload, in  0.794 seconds
Platform modules already initialized, skipping
Refreshing native plugins compatible for Editor in 0.39 ms, found 1 plugins.
Preloading 0 native plugins for Editor in 0.00 ms.
Unloading 1792 Unused Serialized files (Serialized files now loaded: 0)
System memory in use before: 86.1 MB.
System memory in use after: 86.2 MB.

Unloading 7 unused Assets to reduce memory usage. Loaded Objects now: 2330.
Total: 1.783200 ms (FindLiveObjects: 0.184100 ms CreateObjectMapping: 0.057400 ms MarkObjects: 1.513300 ms  DeleteObjects: 0.027700 ms)

========================================================================
Received Prepare
Registering precompiled user dll's ...
Registered in 0.000768 seconds.
Begin MonoManager ReloadAssembly
Native extension for WindowsStandalone target not found
Refreshing native plugins compatible for Editor in 0.34 ms, found 1 plugins.
Preloading 0 native plugins for Editor in 0.00 ms.
Invoked RoslynAnalysisRunner static constructor.
RoslynAnalysisRunner will not be running.
RoslynAnalysisRunner has terminated.
Mono: successfully reloaded assembly
- Completed reload, in  0.809 seconds
Platform modules already initialized, skipping
Refreshing native plugins compatible for Editor in 0.39 ms, found 1 plugins.
Preloading 0 native plugins for Editor in 0.00 ms.
Unloading 1792 Unused Serialized files (Serialized files now loaded: 0)
System memory in use before: 86.3 MB.
System memory in use after: 86.4 MB.

Unloading 7 unused Assets to reduce memory usage. Loaded Objects now: 2333.
Total: 1.981100 ms (FindLiveObjects: 0.199100 ms CreateObjectMapping: 0.075000 ms MarkObjects: 1.692300 ms  DeleteObjects: 0.013900 ms)

========================================================================
Received Import Request.
  Time since last request: 283.697037 seconds.
  path: Assets/Scripts/GameManager.cs
  artifactKey: Guid(112d1d3d4b2942b48809214b736cad2a) Importer(815301076,1909f56bfc062723c751e8b465ee728b)
Start importing Assets/Scripts/GameManager.cs using Guid(112d1d3d4b2942b48809214b736cad2a) Importer(815301076,1909f56bfc062723c751e8b465ee728b)  -> (artifact id: 'daea9907d6cc37e8d1c86564411c09d4') in 0.011045 seconds
  Import took 0.014001 seconds .

========================================================================
Received Import Request.
  Time since last request: 0.003066 seconds.
  path: Assets/Scripts/GameManager.cs
  artifactKey: Guid(112d1d3d4b2942b48809214b736cad2a) Importer(815301076,1909f56bfc062723c751e8b465ee728b)
Start importing Assets/Scripts/GameManager.cs using Guid(112d1d3d4b2942b48809214b736cad2a) Importer(815301076,1909f56bfc062723c751e8b465ee728b)  -> (artifact id: 'daea9907d6cc37e8d1c86564411c09d4') in 0.002725 seconds
  Import took 0.006038 seconds .

========================================================================
Received Import Request.
  Time since last request: 7.546408 seconds.
  path: Assets/Scripts/PlayerController.cs
  artifactKey: Guid(c96708e0c04123942be2d3cacbd1c7e9) Importer(815301076,1909f56bfc062723c751e8b465ee728b)
Start importing Assets/Scripts/PlayerController.cs using Guid(c96708e0c04123942be2d3cacbd1c7e9) Importer(815301076,1909f56bfc062723c751e8b465ee728b)  -> (artifact id: '686d7bc36b7ded24ae7ab8b1456a6b5a') in 0.006961 seconds
  Import took 0.010072 seconds .

========================================================================
Received Import Request.
  Time since last request: 0.002693 seconds.
  path: Assets/Scripts/PlayerController.cs
  artifactKey: Guid(c96708e0c04123942be2d3cacbd1c7e9) Importer(815301076,1909f56bfc062723c751e8b465ee728b)
Start importing Assets/Scripts/PlayerController.cs using Guid(c96708e0c04123942be2d3cacbd1c7e9) Importer(815301076,1909f56bfc062723c751e8b465ee728b)  -> (artifact id: '686d7bc36b7ded24ae7ab8b1456a6b5a') in 0.002506 seconds
  Import took 0.005965 seconds .

========================================================================
Received Import Request.
  Time since last request: 13.425281 seconds.
  path: Assets/Scripts/CameraFollow.cs
  artifactKey: Guid(803d0a92afe6b174f989a0b3be396af2) Importer(815301076,1909f56bfc062723c751e8b465ee728b)
Start importing Assets/Scripts/CameraFollow.cs using Guid(803d0a92afe6b174f989a0b3be396af2) Importer(815301076,1909f56bfc062723c751e8b465ee728b)  -> (artifact id: 'c56fb35587c6a29027a983d257d3474f') in 0.012670 seconds
  Import took 0.017482 seconds .

========================================================================
Received Import Request.
  Time since last request: 0.003615 seconds.
  path: Assets/Scripts/CameraFollow.cs
  artifactKey: Guid(803d0a92afe6b174f989a0b3be396af2) Importer(815301076,1909f56bfc062723c751e8b465ee728b)
Start importing Assets/Scripts/CameraFollow.cs using Guid(803d0a92afe6b174f989a0b3be396af2) Importer(815301076,1909f56bfc062723c751e8b465ee728b)  -> (artifact id: 'c56fb35587c6a29027a983d257d3474f') in 0.002600 seconds
  Import took 0.006999 seconds .

========================================================================
Received Import Request.
  Time since last request: 10.466206 seconds.
  path: Assets/Scripts/ScoreText.cs
  artifactKey: Guid(ff3b216eacbf9914a9bc09caade82e4c) Importer(815301076,1909f56bfc062723c751e8b465ee728b)
Start importing Assets/Scripts/ScoreText.cs using Guid(ff3b216eacbf9914a9bc09caade82e4c) Importer(815301076,1909f56bfc062723c751e8b465ee728b)  -> (artifact id: '775bd64d26dc3eb2c38438e832bf4f59') in 0.006984 seconds
  Import took 0.010179 seconds .

========================================================================
Received Import Request.
  Time since last request: 0.001700 seconds.
  path: Assets/Scripts/ScoreText.cs
  artifactKey: Guid(ff3b216eacbf9914a9bc09caade82e4c) Importer(815301076,1909f56bfc062723c751e8b465ee728b)
Start importing Assets/Scripts/ScoreText.cs using Guid(ff3b216eacbf9914a9bc09caade82e4c) Importer(815301076,1909f56bfc062723c751e8b465ee728b)  -> (artifact id: '775bd64d26dc3eb2c38438e832bf4f59') in 0.002413 seconds
  Import took 0.005780 seconds .

========================================================================
Received Import Request.
  Time since last request: 43.187301 seconds.
  path: Assets/Scripts/ScoreText.cs
  artifactKey: Guid(ff3b216eacbf9914a9bc09caade82e4c) Importer(815301076,1909f56bfc062723c751e8b465ee728b)
Start importing Assets/Scripts/ScoreText.cs using Guid(ff3b216eacbf9914a9bc09caade82e4c) Importer(815301076,1909f56bfc062723c751e8b465ee728b)  -> (artifact id: '17658b3b78fc456c55a11e5792aa5082') in 0.002463 seconds
  Import took 0.005578 seconds .

========================================================================
Received Import Request.
  Time since last request: 0.003204 seconds.
  path: Assets/Scripts/ScoreText.cs
  artifactKey: Guid(ff3b216eacbf9914a9bc09caade82e4c) Importer(815301076,1909f56bfc062723c751e8b465ee728b)
Start importing Assets/Scripts/ScoreText.cs using Guid(ff3b216eacbf9914a9bc09caade82e4c) Importer(815301076,1909f56bfc062723c751e8b465ee728b)  -> (artifact id: '17658b3b78fc456c55a11e5792aa5082') in 0.002543 seconds
  Import took 0.006145 seconds .

========================================================================
Received Import Request.
  Time since last request: 123.168154 seconds.
  path: Assets/Scripts/ScoreText.cs
  artifactKey: Guid(ff3b216eacbf9914a9bc09caade82e4c) Importer(815301076,1909f56bfc062723c751e8b465ee728b)
Start importing Assets/Scripts/ScoreText.cs using Guid(ff3b216eacbf9914a9bc09caade82e4c) Importer(815301076,1909f56bfc062723c751e8b465ee728b)  -> (artifact id: 'c335de5fc5276e980e826613fb5bf7d4') in 0.002768 seconds
  Import took 0.005945 seconds .

========================================================================
Received Import Request.
  Time since last request: 0.002957 seconds.
  path: Assets/Scripts/ScoreText.cs
  artifactKey: Guid(ff3b216eacbf9914a9bc09caade82e4c) Importer(815301076,1909f56bfc062723c751e8b465ee728b)
Start importing Assets/Scripts/ScoreText.cs using Guid(ff3b216eacbf9914a9bc09caade82e4c) Importer(815301076,1909f56bfc062723c751e8b465ee728b)  -> (artifact id: 'c335de5fc5276e980e826613fb5bf7d4') in 0.002880 seconds
  Import took 0.006525 seconds .

========================================================================
Received Prepare
Registering precompiled user dll's ...
Registered in 0.000918 seconds.
Begin MonoManager ReloadAssembly
Native extension for WindowsStandalone target not found
Refreshing native plugins compatible for Editor in 0.32 ms, found 1 plugins.
Preloading 0 native plugins for Editor in 0.00 ms.
Invoked RoslynAnalysisRunner static constructor.
RoslynAnalysisRunner will not be running.
RoslynAnalysisRunner has terminated.
Mono: successfully reloaded assembly
- Completed reload, in  0.845 seconds
Platform modules already initialized, skipping
Refreshing native plugins compatible for Editor in 0.36 ms, found 1 plugins.
Preloading 0 native plugins for Editor in 0.00 ms.
Unloading 1792 Unused Serialized files (Serialized files now loaded: 0)
System memory in use before: 86.4 MB.
System memory in use after: 86.5 MB.

Unloading 7 unused Assets to reduce memory usage. Loaded Objects now: 2336.
Total: 1.926200 ms (FindLiveObjects: 0.200400 ms CreateObjectMapping: 0.066500 ms MarkObjects: 1.643800 ms  DeleteObjects: 0.014500 ms)

========================================================================
Received Prepare
Registering precompiled user dll's ...
Registered in 0.001165 seconds.
Begin MonoManager ReloadAssembly
Native extension for WindowsStandalone target not found
Refreshing native plugins compatible for Editor in 0.34 ms, found 1 plugins.
Preloading 0 native plugins for Editor in 0.00 ms.
Invoked RoslynAnalysisRunner static constructor.
RoslynAnalysisRunner will not be running.
RoslynAnalysisRunner has terminated.
Mono: successfully reloaded assembly
- Completed reload, in  0.817 seconds
Platform modules already initialized, skipping
Refreshing native plugins compatible for Editor in 0.39 ms, found 1 plugins.
Preloading 0 native plugins for Editor in 0.00 ms.
Unloading 1792 Unused Serialized files (Serialized files now loaded: 0)
System memory in use before: 86.5 MB.
System memory in use after: 86.6 MB.

Unloading 7 unused Assets to reduce memory usage. Loaded Objects now: 2339.
Total: 1.708000 ms (FindLiveObjects: 0.179600 ms CreateObjectMapping: 0.075000 ms MarkObjects: 1.438300 ms  DeleteObjects: 0.014200 ms)

========================================================================
Received Prepare
Registering precompiled user dll's ...
Registered in 0.001100 seconds.
Begin MonoManager ReloadAssembly
Native extension for WindowsStandalone target not found
Refreshing native plugins compatible for Editor in 0.35 ms, found 1 plugins.
Preloading 0 native plugins for Editor in 0.00 ms.
Invoked RoslynAnalysisRunner static constructor.
RoslynAnalysisRunner will not be running.
RoslynAnalysisRunner has terminated.
Mono: successfully reloaded assembly
- Completed reload, in  0.835 seconds
Platform modules already initialized, skipping
Refreshing native plugins compatible for Editor in 0.71 ms, found 1 plugins.
Preloading 0 native plugins for Editor in 0.00 ms.
Unloading 1792 Unused Serialized files (Serialized files now loaded: 0)
System memory in use before: 86.7 MB.
System memory in use after: 86.8 MB.

Unloading 7 unused Assets to reduce memory usage. Loaded Objects now: 2342.
Total: 1.865400 ms (FindLiveObjects: 0.178000 ms CreateObjectMapping: 0.065500 ms MarkObjects: 1.606300 ms  DeleteObjects: 0.014900 ms)

========================================================================
Received Import Request.
  Time since last request: 145.563373 seconds.
  path: Assets/Scripts/DeathScript.cs
  artifactKey: Guid(df8a0ca8398c82541863c8704fa9df6f) Importer(815301076,1909f56bfc062723c751e8b465ee728b)
Start importing Assets/Scripts/DeathScript.cs using Guid(df8a0ca8398c82541863c8704fa9df6f) Importer(815301076,1909f56bfc062723c751e8b465ee728b)  -> (artifact id: '5b74fa52453a882c0e0cb3c0006dbe52') in 0.009408 seconds
  Import took 0.012964 seconds .

========================================================================
Received Prepare
Registering precompiled user dll's ...
Registered in 0.000811 seconds.
Begin MonoManager ReloadAssembly
Native extension for WindowsStandalone target not found
Refreshing native plugins compatible for Editor in 0.33 ms, found 1 plugins.
Preloading 0 native plugins for Editor in 0.00 ms.
Invoked RoslynAnalysisRunner static constructor.
RoslynAnalysisRunner will not be running.
RoslynAnalysisRunner has terminated.
Mono: successfully reloaded assembly
- Completed reload, in  0.857 seconds
Platform modules already initialized, skipping
Refreshing native plugins compatible for Editor in 0.36 ms, found 1 plugins.
Preloading 0 native plugins for Editor in 0.00 ms.
Unloading 1792 Unused Serialized files (Serialized files now loaded: 0)
System memory in use before: 86.8 MB.
System memory in use after: 86.9 MB.

Unloading 7 unused Assets to reduce memory usage. Loaded Objects now: 2345.
Total: 2.071200 ms (FindLiveObjects: 0.187400 ms CreateObjectMapping: 0.078900 ms MarkObjects: 1.789600 ms  DeleteObjects: 0.014800 ms)

========================================================================
Received Prepare
Registering precompiled user dll's ...
Registered in 0.000812 seconds.
Begin MonoManager ReloadAssembly
Native extension for WindowsStandalone target not found
Refreshing native plugins compatible for Editor in 0.32 ms, found 1 plugins.
Preloading 0 native plugins for Editor in 0.00 ms.
Invoked RoslynAnalysisRunner static constructor.
RoslynAnalysisRunner will not be running.
RoslynAnalysisRunner has terminated.
Mono: successfully reloaded assembly
- Completed reload, in  0.871 seconds
Platform modules already initialized, skipping
Refreshing native plugins compatible for Editor in 0.64 ms, found 1 plugins.
Preloading 0 native plugins for Editor in 0.00 ms.
Unloading 1792 Unused Serialized files (Serialized files now loaded: 0)
System memory in use before: 87.0 MB.
System memory in use after: 87.1 MB.

Unloading 7 unused Assets to reduce memory usage. Loaded Objects now: 2348.
Total: 2.525600 ms (FindLiveObjects: 0.222800 ms CreateObjectMapping: 0.087900 ms MarkObjects: 2.171200 ms  DeleteObjects: 0.042300 ms)

========================================================================
Received Prepare
Registering precompiled user dll's ...
Registered in 0.001324 seconds.
Begin MonoManager ReloadAssembly
Native extension for WindowsStandalone target not found
Refreshing native plugins compatible for Editor in 0.36 ms, found 1 plugins.
Preloading 0 native plugins for Editor in 0.00 ms.
Invoked RoslynAnalysisRunner static constructor.
RoslynAnalysisRunner will not be running.
RoslynAnalysisRunner has terminated.
Mono: successfully reloaded assembly
- Completed reload, in  0.888 seconds
Platform modules already initialized, skipping
Refreshing native plugins compatible for Editor in 0.83 ms, found 1 plugins.
Preloading 0 native plugins for Editor in 0.00 ms.
Unloading 1792 Unused Serialized files (Serialized files now loaded: 0)
System memory in use before: 86.1 MB.
System memory in use after: 86.2 MB.

Unloading 7 unused Assets to reduce memory usage. Loaded Objects now: 2351.
Total: 2.141500 ms (FindLiveObjects: 0.209900 ms CreateObjectMapping: 0.069300 ms MarkObjects: 1.832700 ms  DeleteObjects: 0.028900 ms)

========================================================================
Received Prepare
Registering precompiled user dll's ...
Registered in 0.000965 seconds.
Begin MonoManager ReloadAssembly
Native extension for WindowsStandalone target not found
Refreshing native plugins compatible for Editor in 0.35 ms, found 1 plugins.
Preloading 0 native plugins for Editor in 0.00 ms.
Invoked RoslynAnalysisRunner static constructor.
RoslynAnalysisRunner will not be running.
RoslynAnalysisRunner has terminated.
Mono: successfully reloaded assembly
- Completed reload, in  0.931 seconds
Platform modules already initialized, skipping
Refreshing native plugins compatible for Editor in 0.75 ms, found 1 plugins.
Preloading 0 native plugins for Editor in 0.00 ms.
Unloading 1792 Unused Serialized files (Serialized files now loaded: 0)
System memory in use before: 86.2 MB.
System memory in use after: 86.4 MB.

Unloading 7 unused Assets to reduce memory usage. Loaded Objects now: 2354.
Total: 1.994300 ms (FindLiveObjects: 0.235300 ms CreateObjectMapping: 0.058000 ms MarkObjects: 1.686700 ms  DeleteObjects: 0.013500 ms)

========================================================================
Received Prepare
Registering precompiled user dll's ...
Registered in 0.001426 seconds.
Begin MonoManager ReloadAssembly
Native extension for WindowsStandalone target not found
Refreshing native plugins compatible for Editor in 0.60 ms, found 1 plugins.
Preloading 0 native plugins for Editor in 0.00 ms.
Invoked RoslynAnalysisRunner static constructor.
RoslynAnalysisRunner will not be running.
RoslynAnalysisRunner has terminated.
Mono: successfully reloaded assembly
- Completed reload, in  0.881 seconds
Platform modules already initialized, skipping
Refreshing native plugins compatible for Editor in 0.75 ms, found 1 plugins.
Preloading 0 native plugins for Editor in 0.00 ms.
Unloading 1792 Unused Serialized files (Serialized files now loaded: 0)
System memory in use before: 86.4 MB.
System memory in use after: 86.5 MB.

Unloading 7 unused Assets to reduce memory usage. Loaded Objects now: 2357.
Total: 2.023100 ms (FindLiveObjects: 0.189100 ms CreateObjectMapping: 0.082500 ms MarkObjects: 1.734900 ms  DeleteObjects: 0.015700 ms)

========================================================================
Received Prepare
Registering precompiled user dll's ...
Registered in 0.000778 seconds.
Begin MonoManager ReloadAssembly
Native extension for WindowsStandalone target not found
Refreshing native plugins compatible for Editor in 0.32 ms, found 1 plugins.
Preloading 0 native plugins for Editor in 0.00 ms.
Invoked RoslynAnalysisRunner static constructor.
RoslynAnalysisRunner will not be running.
RoslynAnalysisRunner has terminated.
Mono: successfully reloaded assembly
- Completed reload, in  0.827 seconds
Platform modules already initialized, skipping
Refreshing native plugins compatible for Editor in 0.64 ms, found 1 plugins.
Preloading 0 native plugins for Editor in 0.00 ms.
Unloading 1792 Unused Serialized files (Serialized files now loaded: 0)
System memory in use before: 86.5 MB.
System memory in use after: 86.6 MB.

Unloading 7 unused Assets to reduce memory usage. Loaded Objects now: 2360.
Total: 2.058200 ms (FindLiveObjects: 0.201700 ms CreateObjectMapping: 0.082200 ms MarkObjects: 1.732300 ms  DeleteObjects: 0.040900 ms)

========================================================================
Received Prepare
Registering precompiled user dll's ...
Registered in 0.000790 seconds.
Begin MonoManager ReloadAssembly
Native extension for WindowsStandalone target not found
Refreshing native plugins compatible for Editor in 0.50 ms, found 1 plugins.
Preloading 0 native plugins for Editor in 0.00 ms.
Invoked RoslynAnalysisRunner static constructor.
RoslynAnalysisRunner will not be running.
RoslynAnalysisRunner has terminated.
Mono: successfully reloaded assembly
- Completed reload, in  0.819 seconds
Platform modules already initialized, skipping
Refreshing native plugins compatible for Editor in 0.34 ms, found 1 plugins.
Preloading 0 native plugins for Editor in 0.00 ms.
Unloading 1792 Unused Serialized files (Serialized files now loaded: 0)
System memory in use before: 86.7 MB.
System memory in use after: 86.8 MB.

Unloading 7 unused Assets to reduce memory usage. Loaded Objects now: 2363.
Total: 2.049000 ms (FindLiveObjects: 0.200600 ms CreateObjectMapping: 0.075100 ms MarkObjects: 1.743900 ms  DeleteObjects: 0.028500 ms)

========================================================================
Received Prepare
Registering precompiled user dll's ...
Registered in 0.000794 seconds.
Begin MonoManager ReloadAssembly
Native extension for WindowsStandalone target not found
Refreshing native plugins compatible for Editor in 0.42 ms, found 1 plugins.
Preloading 0 native plugins for Editor in 0.00 ms.
Invoked RoslynAnalysisRunner static constructor.
RoslynAnalysisRunner will not be running.
RoslynAnalysisRunner has terminated.
Mono: successfully reloaded assembly
- Completed reload, in  0.893 seconds
Platform modules already initialized, skipping
Refreshing native plugins compatible for Editor in 0.68 ms, found 1 plugins.
Preloading 0 native plugins for Editor in 0.00 ms.
Unloading 1792 Unused Serialized files (Serialized files now loaded: 0)
System memory in use before: 86.8 MB.
System memory in use after: 86.9 MB.

Unloading 7 unused Assets to reduce memory usage. Loaded Objects now: 2366.
Total: 1.921100 ms (FindLiveObjects: 0.203500 ms CreateObjectMapping: 0.073900 ms MarkObjects: 1.610200 ms  DeleteObjects: 0.032700 ms)

========================================================================
Received Prepare
Registering precompiled user dll's ...
Registered in 0.000776 seconds.
Begin MonoManager ReloadAssembly
Native extension for WindowsStandalone target not found
Refreshing native plugins compatible for Editor in 0.37 ms, found 1 plugins.
Preloading 0 native plugins for Editor in 0.00 ms.
Invoked RoslynAnalysisRunner static constructor.
RoslynAnalysisRunner will not be running.
RoslynAnalysisRunner has terminated.
Mono: successfully reloaded assembly
- Completed reload, in  0.909 seconds
Platform modules already initialized, skipping
Refreshing native plugins compatible for Editor in 0.66 ms, found 1 plugins.
Preloading 0 native plugins for Editor in 0.00 ms.
Unloading 1792 Unused Serialized files (Serialized files now loaded: 0)
System memory in use before: 86.9 MB.
System memory in use after: 87.1 MB.

Unloading 7 unused Assets to reduce memory usage. Loaded Objects now: 2369.
Total: 2.135800 ms (FindLiveObjects: 0.227300 ms CreateObjectMapping: 0.087600 ms MarkObjects: 1.805000 ms  DeleteObjects: 0.014500 ms)

